<?xml version="1.0" encoding="UTF-8"?>
<!-- Generated by org.testng.reporters.JUnitXMLReporter -->
<testsuite ignored="0" hostname="LAPTOP-36U7UJD1" failures="0" tests="5" name="Home" time="92.636" errors="0" timestamp="2021-01-07T10:19:18 IST">
  <testcase classname="Acedemy.Project.CheckTest" name="init" time="0.034"/>
  <testcase classname="Acedemy.Project.CheckTest" name="mains" time="0.011"/>
  <testcase classname="Acedemy.Project.ValidateTest" name="basePageNavigation" time="67.042"/>
  <testcase classname="Acedemy.Project.HomePageTest" name="basePageNavigation" time="50.707"/>
  <testcase classname="Acedemy.Project.HomePageTest" name="basePageNavigation" time="10.912"/>
</testsuite> <!-- Home -->
