<?xml version="1.0" encoding="UTF-8"?>
<!-- Generated by org.testng.reporters.JUnitXMLReporter -->
<testsuite ignored="0" hostname="LAPTOP-36U7UJD1" failures="0" tests="3" name="Test" time="72.405" errors="0" timestamp="2021-01-07T08:15:47 IST">
  <testcase classname="Acedemy.Project.HomePageTest" name="basePageNavigation" time="13.151"/>
  <testcase classname="Acedemy.Project.HomePageTest" name="basePageNavigation" time="14.116"/>
  <testcase classname="Acedemy.Project.ValidateTest" name="basePageNavigation" time="18.424"/>
</testsuite> <!-- Test -->
