<?xml version="1.0" encoding="UTF-8"?>
<!-- Generated by org.testng.reporters.JUnitXMLReporter -->
<testsuite hostname="LAPTOP-36U7UJD1" ignored="0" name="Test" tests="3" failures="0" timestamp="2021-01-07T08:13:56 IST" time="104.055" errors="0">
  <testcase name="basePageNavigation" time="21.03" classname="Acedemy.Project.HomePageTest"/>
  <testcase name="basePageNavigation" time="6.164" classname="Acedemy.Project.HomePageTest"/>
  <testcase name="basePageNavigation" time="26.56" classname="Acedemy.Project.ValidateTest"/>
</testsuite> <!-- Test -->
