<?xml version="1.0" encoding="UTF-8"?>
<!-- Generated by org.testng.reporters.JUnitXMLReporter -->
<testsuite hostname="LAPTOP-36U7UJD1" ignored="0" name="Validating" tests="4" failures="0" timestamp="2021-01-07T10:55:39 IST" time="57.837" errors="0">
  <testcase name="init" time="0.005" classname="Acedemy.Project.CheckTest"/>
  <testcase name="mains" time="0.002" classname="Acedemy.Project.CheckTest"/>
  <testcase name="basePageNavigation" time="47.984" classname="Acedemy.Project.ValidateTest"/>
  <testcase name="basePageNavigation" time="40.591" classname="Acedemy.Project.HomePageTest"/>
</testsuite> <!-- Validating -->
