<?xml version="1.0" encoding="UTF-8"?>
<testng-results skipped="0" failed="0" ignored="0" total="3" passed="3">
  <reporter-output>
  </reporter-output>
  <suite name="Suite" duration-ms="69415" started-at="2021-01-07T10:54:38 IST" finished-at="2021-01-07T10:55:48 IST">
    <groups>
    </groups>
    <test name="Validating" duration-ms="57837" started-at="2021-01-07T10:54:38 IST" finished-at="2021-01-07T10:55:36 IST">
      <class name="Acedemy.Project.ValidateTest">
        <test-method status="PASS" signature="initilisation()[pri:0, instance:Acedemy.Project.ValidateTest@1b68ddbd]" name="initilisation" is-config="true" duration-ms="47" started-at="2021-01-07T10:54:38 IST" finished-at="2021-01-07T10:54:38 IST">
          <reporter-output>
          </reporter-output>
        </test-method> <!-- initilisation -->
        <test-method status="PASS" signature="basePageNavigation()[pri:0, instance:Acedemy.Project.ValidateTest@1b68ddbd]" name="basePageNavigation" duration-ms="47984" started-at="2021-01-07T10:54:38 IST" finished-at="2021-01-07T10:55:26 IST">
          <reporter-output>
          </reporter-output>
        </test-method> <!-- basePageNavigation -->
        <test-method status="PASS" signature="teardown()[pri:0, instance:Acedemy.Project.ValidateTest@1b68ddbd]" name="teardown" is-config="true" duration-ms="9739" started-at="2021-01-07T10:55:26 IST" finished-at="2021-01-07T10:55:36 IST">
          <reporter-output>
          </reporter-output>
        </test-method> <!-- teardown -->
      </class> <!-- Acedemy.Project.ValidateTest -->
    </test> <!-- Validating -->
    <test name="Home" duration-ms="69415" started-at="2021-01-07T10:54:38 IST" finished-at="2021-01-07T10:55:48 IST">
      <class name="Acedemy.Project.HomePageTest">
        <test-method status="PASS" signature="initilastion()[pri:0, instance:Acedemy.Project.HomePageTest@4d50efb8]" name="initilastion" is-config="true" duration-ms="13858" started-at="2021-01-07T10:54:38 IST" finished-at="2021-01-07T10:54:52 IST">
          <reporter-output>
          </reporter-output>
        </test-method> <!-- initilastion -->
        <test-method status="PASS" signature="basePageNavigation(java.lang.String, java.lang.String, java.lang.String)[pri:0, instance:Acedemy.Project.HomePageTest@4d50efb8]" name="basePageNavigation" duration-ms="40591" started-at="2021-01-07T10:54:52 IST" data-provider="getData" finished-at="2021-01-07T10:55:33 IST">
          <params>
            <param index="0">
              <value>
                <![CDATA[nonrestructeduser@gmail.com]]>
              </value>
            </param>
            <param index="1">
              <value>
                <![CDATA[12345]]>
              </value>
            </param>
            <param index="2">
              <value>
                <![CDATA[Restructed_User]]>
              </value>
            </param>
          </params>
          <reporter-output>
          </reporter-output>
        </test-method> <!-- basePageNavigation -->
        <test-method status="PASS" signature="basePageNavigation(java.lang.String, java.lang.String, java.lang.String)[pri:0, instance:Acedemy.Project.HomePageTest@4d50efb8]" name="basePageNavigation" duration-ms="8674" started-at="2021-01-07T10:55:33 IST" data-provider="getData" finished-at="2021-01-07T10:55:42 IST">
          <params>
            <param index="0">
              <value>
                <![CDATA[Restructed@gmail.com]]>
              </value>
            </param>
            <param index="1">
              <value>
                <![CDATA[9876]]>
              </value>
            </param>
            <param index="2">
              <value>
                <![CDATA[Un_Restructed_User]]>
              </value>
            </param>
          </params>
          <reporter-output>
          </reporter-output>
        </test-method> <!-- basePageNavigation -->
        <test-method status="PASS" signature="teardown()[pri:0, instance:Acedemy.Project.HomePageTest@4d50efb8]" name="teardown" is-config="true" duration-ms="6256" started-at="2021-01-07T10:55:42 IST" finished-at="2021-01-07T10:55:48 IST">
          <reporter-output>
          </reporter-output>
        </test-method> <!-- teardown -->
      </class> <!-- Acedemy.Project.HomePageTest -->
    </test> <!-- Home -->
  </suite> <!-- Suite -->
</testng-results>
