<?xml version="1.0" encoding="UTF-8"?>
<testsuite xmlns:xsi="http://www.w3.org/2001/XMLSchema-instance" xsi:noNamespaceSchemaLocation="https://maven.apache.org/surefire/maven-surefire-plugin/xsd/surefire-test-report-3.0.xsd" version="3.0" name="TestSuite" time="72.83" tests="5" errors="0" skipped="0" failures="0">
  <properties>
[...]
</properties>
  <testcase name="init" classname="Acedemy.Project.CheckTest" time="0.024">
    <system-out><![CDATA[It is initialisation
]]></system-out>
  </testcase>
  <testcase name="mains" classname="Acedemy.Project.CheckTest" time="0.004">
    <system-out><![CDATA[It is main Method
]]></system-out>
  </testcase>
  <testcase name="basePageNavigation" classname="Acedemy.Project.ValidateTest" time="33.62">
    <system-err><![CDATA[SLF4J: Failed to load class "org.slf4j.impl.StaticLoggerBinder".
SLF4J: Defaulting to no-operation (NOP) logger implementation
SLF4J: See http://www.slf4j.org/codes.html#StaticLoggerBinder for further details.
Starting ChromeDriver 87.0.4280.88 (89e2380a3e36c3464b5dd1302349b1382549290d-refs/branch-heads/4280@{#1761}) on port 30691
Only local connections are allowed.
Please see https://chromedriver.chromium.org/security-considerations for suggestions on keeping ChromeDriver safe.
Starting ChromeDriver 87.0.4280.88 (89e2380a3e36c3464b5dd1302349b1382549290d-refs/branch-heads/4280@{#1761}) on port 20809
Only local connections are allowed.
Please see https://chromedriver.chromium.org/security-considerations for suggestions on keeping ChromeDriver safe.
ChromeDriver was started sucCchersosmfeuDlrliyv.er
 was started successfully.
Jan 07, 2021 10:54:52 AM org.openqa.selenium.remote.ProtocolHandshake createSession
INFO: Detected dialect: W3C
Jan 07, 2021 10:54:52 AM org.openqa.selenium.remote.ProtocolHandshake createSession
INFO: Detected dialect: W3C
Jan 07, 2021 10:54:52 AM org.openqa.selenium.devtools.CdpVersionFinder findNearestMatch
WARNING: Unable to find an exact match for CDP version 87, so returning the closest version found: 86
Jan 07, 2021 10:54:52 AM org.openqa.selenium.devtools.CdpVersionFinder findNearestMatch
WARNING: Unable to find an exact match for CDP version 87, so returning the closest version found: 86
Jan 07, 2021 10:54:52 AM org.openqa.selenium.devtools.CdpVersionFinder findNearestMatch
INFO: Found CDP implementation for version 87 of 86
Jan 07, 2021 10:54:52 AM org.openqa.selenium.devtools.CdpVersionFinder findNearestMatch
INFO: Found CDP implementation for version 87 of 86
]]></system-err>
  </testcase>
  <testcase name="basePageNavigation[nonrestructeduser@gmail.com, 12345, Restructed_User](1)" classname="Acedemy.Project.HomePageTest" time="40.004">
    <system-out><![CDATA[Restructed_User
]]></system-out>
  </testcase>
  <testcase name="basePageNavigation[Restructed@gmail.com, 9876, Un_Restructed_User](2)" classname="Acedemy.Project.HomePageTest" time="8.68">
    <system-out><![CDATA[Un_Restructed_User
]]></system-out>
  </testcase>
</testsuite>