<?xml version="1.0" encoding="UTF-8"?>
<testng-results ignored="0" total="2" passed="2" failed="0" skipped="0">
  <reporter-output>
  </reporter-output>
  <suite started-at="2021-01-07T10:17:42 IST" name="Suite" finished-at="2021-01-07T10:19:14 IST" duration-ms="92636">
    <groups>
    </groups>
    <test started-at="2021-01-07T10:17:42 IST" name="Home" finished-at="2021-01-07T10:19:14 IST" duration-ms="92636">
      <class name="Acedemy.Project.HomePageTest">
        <test-method is-config="true" signature="initilastion()[pri:0, instance:Acedemy.Project.HomePageTest@6392827e]" started-at="2021-01-07T10:17:42 IST" name="initilastion" finished-at="2021-01-07T10:18:11 IST" duration-ms="29774" status="PASS">
          <reporter-output>
          </reporter-output>
        </test-method> <!-- initilastion -->
        <test-method signature="basePageNavigation(java.lang.String, java.lang.String, java.lang.String)[pri:0, instance:Acedemy.Project.HomePageTest@6392827e]" started-at="2021-01-07T10:18:12 IST" name="basePageNavigation" data-provider="getData" finished-at="2021-01-07T10:19:02 IST" duration-ms="50707" status="PASS">
          <params>
            <param index="0">
              <value>
                <![CDATA[nonrestructeduser@gmail.com]]>
              </value>
            </param>
            <param index="1">
              <value>
                <![CDATA[12345]]>
              </value>
            </param>
            <param index="2">
              <value>
                <![CDATA[Restructed_User]]>
              </value>
            </param>
          </params>
          <reporter-output>
          </reporter-output>
        </test-method> <!-- basePageNavigation -->
        <test-method signature="basePageNavigation(java.lang.String, java.lang.String, java.lang.String)[pri:0, instance:Acedemy.Project.HomePageTest@6392827e]" started-at="2021-01-07T10:19:02 IST" name="basePageNavigation" data-provider="getData" finished-at="2021-01-07T10:19:13 IST" duration-ms="10912" status="PASS">
          <params>
            <param index="0">
              <value>
                <![CDATA[Restructed@gmail.com]]>
              </value>
            </param>
            <param index="1">
              <value>
                <![CDATA[9876]]>
              </value>
            </param>
            <param index="2">
              <value>
                <![CDATA[Un_Restructed_User]]>
              </value>
            </param>
          </params>
          <reporter-output>
          </reporter-output>
        </test-method> <!-- basePageNavigation -->
        <test-method is-config="true" signature="teardown()[pri:0, instance:Acedemy.Project.HomePageTest@6392827e]" started-at="2021-01-07T10:19:13 IST" name="teardown" finished-at="2021-01-07T10:19:14 IST" duration-ms="1030" status="PASS">
          <reporter-output>
          </reporter-output>
        </test-method> <!-- teardown -->
      </class> <!-- Acedemy.Project.HomePageTest -->
    </test> <!-- Home -->
  </suite> <!-- Suite -->
</testng-results>
